[36mINFO[0m[2023-10-17T15:21:33Z]github.com/Falokut/online_cinema_ticket_office/email_service/internal/email.NewMailSender() mail.go:36 Creating mail dialler.                       
[36mINFO[0m[2023-10-17T15:21:33Z]main.main() app.go:32 kafka consumer initializing                  
[36mINFO[0m[2023-10-17T15:21:33Z]main.main() app.go:35 worker initializing                          
[36mINFO[0m[2023-10-17T15:21:33Z]github.com/segmentio/kafka-go.(*Reader).run.func1() reader.go:296 entering loop for consumer group, email_senders 
[36mINFO[0m[2023-10-17T15:21:33Z]github.com/segmentio/kafka-go.(*ConsumerGroup).joinGroup.func1() consumergroup.go:952 joined group email_senders as member app@3482e9662b18 (github.com/segmentio/kafka-go)-78b62db8-7c15-4c18-9882-86ad9bffe6d4 in generation 72 
[36mINFO[0m[2023-10-17T15:21:33Z]github.com/segmentio/kafka-go.(*ConsumerGroup).assignTopicPartitions.func1() consumergroup.go:1012 selected as leader for group, email_senders  
[36mINFO[0m[2023-10-17T15:21:33Z]github.com/segmentio/kafka-go.(*ConsumerGroup).assignTopicPartitions.func2() consumergroup.go:1040 using 'range' balancer to assign group, email_senders 
[36mINFO[0m[2023-10-17T15:21:33Z]github.com/segmentio/kafka-go.(*ConsumerGroup).assignTopicPartitions.func2() consumergroup.go:1042 found member: app@3482e9662b18 (github.com/segmentio/kafka-go)-78b62db8-7c15-4c18-9882-86ad9bffe6d4/[]byte(nil) 
[36mINFO[0m[2023-10-17T15:21:33Z]github.com/segmentio/kafka-go.(*ConsumerGroup).assignTopicPartitions.func2() consumergroup.go:1045 found topic/partition: emails/0              
[36mINFO[0m[2023-10-17T15:21:33Z]github.com/segmentio/kafka-go.(*ConsumerGroup).joinGroup.func2() consumergroup.go:966 assigned member/topic/partitions app@3482e9662b18 (github.com/segmentio/kafka-go)-78b62db8-7c15-4c18-9882-86ad9bffe6d4/emails/[0] 
[36mINFO[0m[2023-10-17T15:21:33Z]github.com/segmentio/kafka-go.(*ConsumerGroup).joinGroup.func3() consumergroup.go:973 joinGroup succeeded for response, email_senders.  generationID=72, memberID=app@3482e9662b18 (github.com/segmentio/kafka-go)-78b62db8-7c15-4c18-9882-86ad9bffe6d4 
[36mINFO[0m[2023-10-17T15:21:33Z]github.com/segmentio/kafka-go.(*ConsumerGroup).nextGeneration.func3() consumergroup.go:806 Joined group email_senders as member app@3482e9662b18 (github.com/segmentio/kafka-go)-78b62db8-7c15-4c18-9882-86ad9bffe6d4 in generation 72 
[36mINFO[0m[2023-10-17T15:21:33Z]github.com/segmentio/kafka-go.(*ConsumerGroup).makeSyncGroupRequestV0.func1() consumergroup.go:1139 Syncing 1 assignments for generation 72 as member app@3482e9662b18 (github.com/segmentio/kafka-go)-78b62db8-7c15-4c18-9882-86ad9bffe6d4 
[36mINFO[0m[2023-10-17T15:21:33Z]github.com/segmentio/kafka-go.(*ConsumerGroup).syncGroup.func2() consumergroup.go:1104 sync group finished for group, email_senders 
[36mINFO[0m[2023-10-17T15:21:33Z]github.com/segmentio/kafka-go.(*Reader).subscribe.func1() reader.go:141 subscribed to topics and partitions: map[{topic:emails partition:0}:150] 
[36mINFO[0m[2023-10-17T15:21:33Z]github.com/segmentio/kafka-go.(*reader).run.func1() reader.go:1272 initializing kafka reader for partition 0 of emails starting at offset 150 
[36mINFO[0m[2023-10-17T15:21:33Z]github.com/segmentio/kafka-go.(*Reader).commitLoop.func1() reader.go:274 started commit for group email_senders       
[36mINFO[0m[2023-10-17T15:21:33Z]github.com/segmentio/kafka-go.(*ConsumerGroup).nextGeneration.(*Generation).heartbeatLoop.func6.1() consumergroup.go:467 started heartbeat for group, email_senders [3s] 
[36mINFO[0m[2023-10-17T15:21:33Z]github.com/segmentio/kafka-go.(*reader).initialize.func1() reader.go:1473 the kafka reader for partition 0 of emails is seeking to offset 150 
[36mINFO[0m[2023-10-17T15:21:56Z]github.com/Falokut/online_cinema_ticket_office/email_service/internal/email.(*MailWorker).getMailFromQueue() mailWorker.go:138 {sinelnik.timur@yandex.ru google.com/eyJhbGciOiJIUzI1NiIsInR5cCI6IkpXVCJ9.eyJleHAiOjE2OTc1NjY5MTUsImlhdCI6MTY5NzU1NjExNSwidmFsdWUiOiJzaW5lbG5pay50aW11ckB5YW5kZXgucnUifQ.JmF448Tza23MBY513-ATjtmB5u9no4Hctga9maDRnpI account/activation 10800} 
[37mDEBU[0m[2023-10-17T15:21:56Z]github.com/Falokut/online_cinema_ticket_office/email_service/internal/email.(*MailWorker).routine() mailWorker.go:115 Send email to  sinelnik.timur@yandex.ru  subject:  ActivateAccount 
[36mINFO[0m[2023-10-17T15:21:56Z]github.com/Falokut/online_cinema_ticket_office/email_service/internal/email.(*MailSender).SendEmail() mail.go:61 Creating message.                            
[36mINFO[0m[2023-10-17T15:21:56Z]github.com/Falokut/online_cinema_ticket_office/email_service/internal/email.(*MailSender).SendEmail() mail.go:69 Sending message.                             
[36mINFO[0m[2023-10-17T15:21:56Z]github.com/Falokut/online_cinema_ticket_office/email_service/internal/email.(*MailSender).SendEmail() mail.go:75 Message sended.                              
[36mINFO[0m[2023-10-17T15:21:56Z]github.com/segmentio/kafka-go.(*Generation).CommitOffsets.func1() consumergroup.go:454 committed offsets for group email_senders: 
	topic: emails
		partition 0: 151 
[36mINFO[0m[2023-10-17T15:21:59Z]github.com/Falokut/online_cinema_ticket_office/email_service/internal/email.(*MailWorker).getMailFromQueue() mailWorker.go:138 {sinelnik.timur@yandex.ru google.com/eyJhbGciOiJIUzI1NiIsInR5cCI6IkpXVCJ9.eyJleHAiOjE2OTc1NjY5MTgsImlhdCI6MTY5NzU1NjExOCwidmFsdWUiOiJzaW5lbG5pay50aW11ckB5YW5kZXgucnUifQ.Trrih5sdgeBDkYDw0nvLuiSUt9L-p8mW5JcCcrI3Kf8 account/activation 10800} 
[37mDEBU[0m[2023-10-17T15:21:59Z]github.com/Falokut/online_cinema_ticket_office/email_service/internal/email.(*MailWorker).routine() mailWorker.go:115 Send email to  sinelnik.timur@yandex.ru  subject:  ActivateAccount 
[36mINFO[0m[2023-10-17T15:21:59Z]github.com/Falokut/online_cinema_ticket_office/email_service/internal/email.(*MailSender).SendEmail() mail.go:61 Creating message.                            
[36mINFO[0m[2023-10-17T15:21:59Z]github.com/Falokut/online_cinema_ticket_office/email_service/internal/email.(*MailSender).SendEmail() mail.go:69 Sending message.                             
[36mINFO[0m[2023-10-17T15:22:00Z]github.com/Falokut/online_cinema_ticket_office/email_service/internal/email.(*MailSender).SendEmail() mail.go:75 Message sended.                              
[36mINFO[0m[2023-10-17T15:22:00Z]github.com/segmentio/kafka-go.(*Generation).CommitOffsets.func1() consumergroup.go:454 committed offsets for group email_senders: 
	topic: emails
		partition 0: 152 
[36mINFO[0m[2023-10-17T15:22:58Z]github.com/segmentio/kafka-go.(*reader).run.func6() reader.go:1375 no messages received from kafka within the allocated time for partition 0 of emails at offset 152: [7] Request Timed Out: the request exceeded the user-specified time limit in the request 
[36mINFO[0m[2023-10-17T15:23:19Z]github.com/Falokut/online_cinema_ticket_office/email_service/internal/email.(*MailWorker).getMailFromQueue() mailWorker.go:138 {sinelnik.timur@yandex.ru google.com/eyJhbGciOiJIUzI1NiIsInR5cCI6IkpXVCJ9.eyJleHAiOjE2OTc1NjY5OTgsImlhdCI6MTY5NzU1NjE5OCwidmFsdWUiOiJzaW5lbG5pay50aW11ckB5YW5kZXgucnUifQ.BDpbPSPrL6qVwRPseLmXRPDwOCx-_ZnPfVZJeqPDaLQ account/activation 10800} 
[37mDEBU[0m[2023-10-17T15:23:19Z]github.com/Falokut/online_cinema_ticket_office/email_service/internal/email.(*MailWorker).routine() mailWorker.go:115 Send email to  sinelnik.timur@yandex.ru  subject:  ActivateAccount 
[36mINFO[0m[2023-10-17T15:23:19Z]github.com/Falokut/online_cinema_ticket_office/email_service/internal/email.(*MailSender).SendEmail() mail.go:61 Creating message.                            
[36mINFO[0m[2023-10-17T15:23:19Z]github.com/Falokut/online_cinema_ticket_office/email_service/internal/email.(*MailSender).SendEmail() mail.go:69 Sending message.                             
[36mINFO[0m[2023-10-17T15:23:19Z]github.com/Falokut/online_cinema_ticket_office/email_service/internal/email.(*MailSender).SendEmail() mail.go:75 Message sended.                              
[36mINFO[0m[2023-10-17T15:23:19Z]github.com/segmentio/kafka-go.(*Generation).CommitOffsets.func1() consumergroup.go:454 committed offsets for group email_senders: 
	topic: emails
		partition 0: 153 
[36mINFO[0m[2023-10-17T15:24:18Z]github.com/segmentio/kafka-go.(*reader).run.func6() reader.go:1375 no messages received from kafka within the allocated time for partition 0 of emails at offset 153: [7] Request Timed Out: the request exceeded the user-specified time limit in the request 
[36mINFO[0m[2023-10-17T15:25:17Z]github.com/segmentio/kafka-go.(*reader).run.func6() reader.go:1375 no messages received from kafka within the allocated time for partition 0 of emails at offset 153: [7] Request Timed Out: the request exceeded the user-specified time limit in the request 
[36mINFO[0m[2023-10-17T15:26:16Z]github.com/segmentio/kafka-go.(*reader).run.func6() reader.go:1375 no messages received from kafka within the allocated time for partition 0 of emails at offset 153: [7] Request Timed Out: the request exceeded the user-specified time limit in the request 
[36mINFO[0m[2023-10-17T15:27:15Z]github.com/segmentio/kafka-go.(*reader).run.func6() reader.go:1375 no messages received from kafka within the allocated time for partition 0 of emails at offset 153: [7] Request Timed Out: the request exceeded the user-specified time limit in the request 
[36mINFO[0m[2023-10-17T15:28:14Z]github.com/segmentio/kafka-go.(*reader).run.func6() reader.go:1375 no messages received from kafka within the allocated time for partition 0 of emails at offset 153: [7] Request Timed Out: the request exceeded the user-specified time limit in the request 
[36mINFO[0m[2023-10-17T15:29:13Z]github.com/segmentio/kafka-go.(*reader).run.func6() reader.go:1375 no messages received from kafka within the allocated time for partition 0 of emails at offset 153: [7] Request Timed Out: the request exceeded the user-specified time limit in the request 
[36mINFO[0m[2023-10-17T15:30:12Z]github.com/segmentio/kafka-go.(*reader).run.func6() reader.go:1375 no messages received from kafka within the allocated time for partition 0 of emails at offset 153: [7] Request Timed Out: the request exceeded the user-specified time limit in the request 
[36mINFO[0m[2023-10-17T15:30:42Z]github.com/segmentio/kafka-go.(*Reader).commitLoop.func2() reader.go:277 stopped commit for group email_senders       
[36mINFO[0m[2023-10-17T15:30:42Z]github.com/segmentio/kafka-go.(*ConsumerGroup).nextGeneration.(*Generation).heartbeatLoop.func6.2() consumergroup.go:470 stopped heartbeat for group email_senders    
[36mINFO[0m[2023-10-17T15:30:55Z]github.com/Falokut/online_cinema_ticket_office/email_service/internal/email.NewMailSender() mail.go:36 Creating mail dialler.                       
[36mINFO[0m[2023-10-17T15:30:55Z]main.main() app.go:32 kafka consumer initializing                  
[36mINFO[0m[2023-10-17T15:30:55Z]main.main() app.go:35 worker initializing                          
[36mINFO[0m[2023-10-17T15:30:55Z]github.com/segmentio/kafka-go.(*Reader).run.func1() reader.go:296 entering loop for consumer group, email_senders 
[36mINFO[0m[2023-10-17T15:31:09Z]github.com/segmentio/kafka-go.(*ConsumerGroup).joinGroup.func1() consumergroup.go:952 joined group email_senders as member app@475017bb6cba (github.com/segmentio/kafka-go)-ce79c7ab-ceed-4838-af70-c9d6025b1f19 in generation 73 
[36mINFO[0m[2023-10-17T15:31:09Z]github.com/segmentio/kafka-go.(*ConsumerGroup).assignTopicPartitions.func1() consumergroup.go:1012 selected as leader for group, email_senders  
[36mINFO[0m[2023-10-17T15:31:09Z]github.com/segmentio/kafka-go.(*ConsumerGroup).assignTopicPartitions.func2() consumergroup.go:1040 using 'range' balancer to assign group, email_senders 
[36mINFO[0m[2023-10-17T15:31:09Z]github.com/segmentio/kafka-go.(*ConsumerGroup).assignTopicPartitions.func2() consumergroup.go:1042 found member: app@475017bb6cba (github.com/segmentio/kafka-go)-ce79c7ab-ceed-4838-af70-c9d6025b1f19/[]byte(nil) 
[36mINFO[0m[2023-10-17T15:31:09Z]github.com/segmentio/kafka-go.(*ConsumerGroup).assignTopicPartitions.func2() consumergroup.go:1045 found topic/partition: emails/0              
[36mINFO[0m[2023-10-17T15:31:09Z]github.com/segmentio/kafka-go.(*ConsumerGroup).joinGroup.func2() consumergroup.go:966 assigned member/topic/partitions app@475017bb6cba (github.com/segmentio/kafka-go)-ce79c7ab-ceed-4838-af70-c9d6025b1f19/emails/[0] 
[36mINFO[0m[2023-10-17T15:31:09Z]github.com/segmentio/kafka-go.(*ConsumerGroup).joinGroup.func3() consumergroup.go:973 joinGroup succeeded for response, email_senders.  generationID=73, memberID=app@475017bb6cba (github.com/segmentio/kafka-go)-ce79c7ab-ceed-4838-af70-c9d6025b1f19 
[36mINFO[0m[2023-10-17T15:31:09Z]github.com/segmentio/kafka-go.(*ConsumerGroup).nextGeneration.func3() consumergroup.go:806 Joined group email_senders as member app@475017bb6cba (github.com/segmentio/kafka-go)-ce79c7ab-ceed-4838-af70-c9d6025b1f19 in generation 73 
[36mINFO[0m[2023-10-17T15:31:09Z]github.com/segmentio/kafka-go.(*ConsumerGroup).makeSyncGroupRequestV0.func1() consumergroup.go:1139 Syncing 1 assignments for generation 73 as member app@475017bb6cba (github.com/segmentio/kafka-go)-ce79c7ab-ceed-4838-af70-c9d6025b1f19 
[36mINFO[0m[2023-10-17T15:31:09Z]github.com/segmentio/kafka-go.(*ConsumerGroup).syncGroup.func2() consumergroup.go:1104 sync group finished for group, email_senders 
[36mINFO[0m[2023-10-17T15:31:09Z]github.com/segmentio/kafka-go.(*Reader).subscribe.func1() reader.go:141 subscribed to topics and partitions: map[{topic:emails partition:0}:153] 
[36mINFO[0m[2023-10-17T15:31:09Z]github.com/segmentio/kafka-go.(*ConsumerGroup).nextGeneration.(*Generation).heartbeatLoop.func6.1() consumergroup.go:467 started heartbeat for group, email_senders [3s] 
[36mINFO[0m[2023-10-17T15:31:09Z]github.com/segmentio/kafka-go.(*Reader).commitLoop.func1() reader.go:274 started commit for group email_senders       
[36mINFO[0m[2023-10-17T15:31:09Z]github.com/segmentio/kafka-go.(*reader).run.func1() reader.go:1272 initializing kafka reader for partition 0 of emails starting at offset 153 
[36mINFO[0m[2023-10-17T15:31:09Z]github.com/segmentio/kafka-go.(*reader).initialize.func1() reader.go:1473 the kafka reader for partition 0 of emails is seeking to offset 153 
[36mINFO[0m[2023-10-17T15:32:08Z]github.com/segmentio/kafka-go.(*reader).run.func6() reader.go:1375 no messages received from kafka within the allocated time for partition 0 of emails at offset 153: [7] Request Timed Out: the request exceeded the user-specified time limit in the request 
[36mINFO[0m[2023-10-17T15:33:07Z]github.com/segmentio/kafka-go.(*reader).run.func6() reader.go:1375 no messages received from kafka within the allocated time for partition 0 of emails at offset 153: [7] Request Timed Out: the request exceeded the user-specified time limit in the request 
[36mINFO[0m[2023-10-17T15:34:06Z]github.com/segmentio/kafka-go.(*reader).run.func6() reader.go:1375 no messages received from kafka within the allocated time for partition 0 of emails at offset 153: [7] Request Timed Out: the request exceeded the user-specified time limit in the request 
[36mINFO[0m[2023-10-17T15:35:05Z]github.com/segmentio/kafka-go.(*reader).run.func6() reader.go:1375 no messages received from kafka within the allocated time for partition 0 of emails at offset 153: [7] Request Timed Out: the request exceeded the user-specified time limit in the request 
[36mINFO[0m[2023-10-17T15:36:04Z]github.com/segmentio/kafka-go.(*reader).run.func6() reader.go:1375 no messages received from kafka within the allocated time for partition 0 of emails at offset 153: [7] Request Timed Out: the request exceeded the user-specified time limit in the request 
[36mINFO[0m[2023-10-17T15:37:03Z]github.com/segmentio/kafka-go.(*reader).run.func6() reader.go:1375 no messages received from kafka within the allocated time for partition 0 of emails at offset 153: [7] Request Timed Out: the request exceeded the user-specified time limit in the request 
[36mINFO[0m[2023-10-17T15:38:02Z]github.com/segmentio/kafka-go.(*reader).run.func6() reader.go:1375 no messages received from kafka within the allocated time for partition 0 of emails at offset 153: [7] Request Timed Out: the request exceeded the user-specified time limit in the request 
[36mINFO[0m[2023-10-17T15:39:01Z]github.com/segmentio/kafka-go.(*reader).run.func6() reader.go:1375 no messages received from kafka within the allocated time for partition 0 of emails at offset 153: [7] Request Timed Out: the request exceeded the user-specified time limit in the request 
[36mINFO[0m[2023-10-17T15:40:00Z]github.com/segmentio/kafka-go.(*reader).run.func6() reader.go:1375 no messages received from kafka within the allocated time for partition 0 of emails at offset 153: [7] Request Timed Out: the request exceeded the user-specified time limit in the request 
[36mINFO[0m[2023-10-17T15:40:59Z]github.com/segmentio/kafka-go.(*reader).run.func6() reader.go:1375 no messages received from kafka within the allocated time for partition 0 of emails at offset 153: [7] Request Timed Out: the request exceeded the user-specified time limit in the request 
[36mINFO[0m[2023-10-17T15:41:58Z]github.com/segmentio/kafka-go.(*reader).run.func6() reader.go:1375 no messages received from kafka within the allocated time for partition 0 of emails at offset 153: [7] Request Timed Out: the request exceeded the user-specified time limit in the request 
[36mINFO[0m[2023-10-17T15:42:57Z]github.com/segmentio/kafka-go.(*reader).run.func6() reader.go:1375 no messages received from kafka within the allocated time for partition 0 of emails at offset 153: [7] Request Timed Out: the request exceeded the user-specified time limit in the request 
[36mINFO[0m[2023-10-17T15:43:56Z]github.com/segmentio/kafka-go.(*reader).run.func6() reader.go:1375 no messages received from kafka within the allocated time for partition 0 of emails at offset 153: [7] Request Timed Out: the request exceeded the user-specified time limit in the request 
[36mINFO[0m[2023-10-17T15:44:55Z]github.com/segmentio/kafka-go.(*reader).run.func6() reader.go:1375 no messages received from kafka within the allocated time for partition 0 of emails at offset 153: [7] Request Timed Out: the request exceeded the user-specified time limit in the request 
[36mINFO[0m[2023-10-17T15:45:54Z]github.com/segmentio/kafka-go.(*reader).run.func6() reader.go:1375 no messages received from kafka within the allocated time for partition 0 of emails at offset 153: [7] Request Timed Out: the request exceeded the user-specified time limit in the request 
[36mINFO[0m[2023-10-17T15:46:53Z]github.com/segmentio/kafka-go.(*reader).run.func6() reader.go:1375 no messages received from kafka within the allocated time for partition 0 of emails at offset 153: [7] Request Timed Out: the request exceeded the user-specified time limit in the request 
[36mINFO[0m[2023-10-17T15:47:52Z]github.com/segmentio/kafka-go.(*reader).run.func6() reader.go:1375 no messages received from kafka within the allocated time for partition 0 of emails at offset 153: [7] Request Timed Out: the request exceeded the user-specified time limit in the request 
[36mINFO[0m[2023-10-17T15:48:51Z]github.com/segmentio/kafka-go.(*reader).run.func6() reader.go:1375 no messages received from kafka within the allocated time for partition 0 of emails at offset 153: [7] Request Timed Out: the request exceeded the user-specified time limit in the request 
[36mINFO[0m[2023-10-17T15:49:50Z]github.com/segmentio/kafka-go.(*reader).run.func6() reader.go:1375 no messages received from kafka within the allocated time for partition 0 of emails at offset 153: [7] Request Timed Out: the request exceeded the user-specified time limit in the request 
[36mINFO[0m[2023-10-17T15:50:49Z]github.com/segmentio/kafka-go.(*reader).run.func6() reader.go:1375 no messages received from kafka within the allocated time for partition 0 of emails at offset 153: [7] Request Timed Out: the request exceeded the user-specified time limit in the request 
[36mINFO[0m[2023-10-17T15:51:48Z]github.com/segmentio/kafka-go.(*reader).run.func6() reader.go:1375 no messages received from kafka within the allocated time for partition 0 of emails at offset 153: [7] Request Timed Out: the request exceeded the user-specified time limit in the request 
[36mINFO[0m[2023-10-17T15:52:47Z]github.com/segmentio/kafka-go.(*reader).run.func6() reader.go:1375 no messages received from kafka within the allocated time for partition 0 of emails at offset 153: [7] Request Timed Out: the request exceeded the user-specified time limit in the request 
[36mINFO[0m[2023-10-17T15:53:46Z]github.com/segmentio/kafka-go.(*reader).run.func6() reader.go:1375 no messages received from kafka within the allocated time for partition 0 of emails at offset 153: [7] Request Timed Out: the request exceeded the user-specified time limit in the request 
[36mINFO[0m[2023-10-17T15:54:45Z]github.com/segmentio/kafka-go.(*reader).run.func6() reader.go:1375 no messages received from kafka within the allocated time for partition 0 of emails at offset 153: [7] Request Timed Out: the request exceeded the user-specified time limit in the request 
[36mINFO[0m[2023-10-17T15:55:44Z]github.com/segmentio/kafka-go.(*reader).run.func6() reader.go:1375 no messages received from kafka within the allocated time for partition 0 of emails at offset 153: [7] Request Timed Out: the request exceeded the user-specified time limit in the request 
[36mINFO[0m[2023-10-17T15:56:43Z]github.com/segmentio/kafka-go.(*reader).run.func6() reader.go:1375 no messages received from kafka within the allocated time for partition 0 of emails at offset 153: [7] Request Timed Out: the request exceeded the user-specified time limit in the request 
[36mINFO[0m[2023-10-17T15:57:42Z]github.com/segmentio/kafka-go.(*reader).run.func6() reader.go:1375 no messages received from kafka within the allocated time for partition 0 of emails at offset 153: [7] Request Timed Out: the request exceeded the user-specified time limit in the request 
[36mINFO[0m[2023-10-17T15:58:41Z]github.com/segmentio/kafka-go.(*reader).run.func6() reader.go:1375 no messages received from kafka within the allocated time for partition 0 of emails at offset 153: [7] Request Timed Out: the request exceeded the user-specified time limit in the request 
[36mINFO[0m[2023-10-17T15:59:40Z]github.com/segmentio/kafka-go.(*reader).run.func6() reader.go:1375 no messages received from kafka within the allocated time for partition 0 of emails at offset 153: [7] Request Timed Out: the request exceeded the user-specified time limit in the request 
[36mINFO[0m[2023-10-17T16:00:39Z]github.com/segmentio/kafka-go.(*reader).run.func6() reader.go:1375 no messages received from kafka within the allocated time for partition 0 of emails at offset 153: [7] Request Timed Out: the request exceeded the user-specified time limit in the request 
[36mINFO[0m[2023-10-17T16:01:38Z]github.com/segmentio/kafka-go.(*reader).run.func6() reader.go:1375 no messages received from kafka within the allocated time for partition 0 of emails at offset 153: [7] Request Timed Out: the request exceeded the user-specified time limit in the request 
[36mINFO[0m[2023-10-17T16:02:37Z]github.com/segmentio/kafka-go.(*reader).run.func6() reader.go:1375 no messages received from kafka within the allocated time for partition 0 of emails at offset 153: [7] Request Timed Out: the request exceeded the user-specified time limit in the request 
[36mINFO[0m[2023-10-17T16:03:36Z]github.com/segmentio/kafka-go.(*reader).run.func6() reader.go:1375 no messages received from kafka within the allocated time for partition 0 of emails at offset 153: [7] Request Timed Out: the request exceeded the user-specified time limit in the request 
[36mINFO[0m[2023-10-17T16:04:35Z]github.com/segmentio/kafka-go.(*reader).run.func6() reader.go:1375 no messages received from kafka within the allocated time for partition 0 of emails at offset 153: [7] Request Timed Out: the request exceeded the user-specified time limit in the request 
[36mINFO[0m[2023-10-17T16:05:34Z]github.com/segmentio/kafka-go.(*reader).run.func6() reader.go:1375 no messages received from kafka within the allocated time for partition 0 of emails at offset 153: [7] Request Timed Out: the request exceeded the user-specified time limit in the request 
[36mINFO[0m[2023-10-17T16:06:33Z]github.com/segmentio/kafka-go.(*reader).run.func6() reader.go:1375 no messages received from kafka within the allocated time for partition 0 of emails at offset 153: [7] Request Timed Out: the request exceeded the user-specified time limit in the request 
[36mINFO[0m[2023-10-17T16:07:32Z]github.com/segmentio/kafka-go.(*reader).run.func6() reader.go:1375 no messages received from kafka within the allocated time for partition 0 of emails at offset 153: [7] Request Timed Out: the request exceeded the user-specified time limit in the request 
[36mINFO[0m[2023-10-17T16:08:31Z]github.com/segmentio/kafka-go.(*reader).run.func6() reader.go:1375 no messages received from kafka within the allocated time for partition 0 of emails at offset 153: [7] Request Timed Out: the request exceeded the user-specified time limit in the request 
[36mINFO[0m[2023-10-17T16:09:30Z]github.com/segmentio/kafka-go.(*reader).run.func6() reader.go:1375 no messages received from kafka within the allocated time for partition 0 of emails at offset 153: [7] Request Timed Out: the request exceeded the user-specified time limit in the request 
[36mINFO[0m[2023-10-17T16:10:29Z]github.com/segmentio/kafka-go.(*reader).run.func6() reader.go:1375 no messages received from kafka within the allocated time for partition 0 of emails at offset 153: [7] Request Timed Out: the request exceeded the user-specified time limit in the request 
[36mINFO[0m[2023-10-17T16:11:28Z]github.com/segmentio/kafka-go.(*reader).run.func6() reader.go:1375 no messages received from kafka within the allocated time for partition 0 of emails at offset 153: [7] Request Timed Out: the request exceeded the user-specified time limit in the request 
[36mINFO[0m[2023-10-17T16:12:27Z]github.com/segmentio/kafka-go.(*reader).run.func6() reader.go:1375 no messages received from kafka within the allocated time for partition 0 of emails at offset 153: [7] Request Timed Out: the request exceeded the user-specified time limit in the request 
[36mINFO[0m[2023-10-17T16:13:26Z]github.com/segmentio/kafka-go.(*reader).run.func6() reader.go:1375 no messages received from kafka within the allocated time for partition 0 of emails at offset 153: [7] Request Timed Out: the request exceeded the user-specified time limit in the request 
[36mINFO[0m[2023-10-17T16:14:25Z]github.com/segmentio/kafka-go.(*reader).run.func6() reader.go:1375 no messages received from kafka within the allocated time for partition 0 of emails at offset 153: [7] Request Timed Out: the request exceeded the user-specified time limit in the request 
[36mINFO[0m[2023-10-17T16:15:24Z]github.com/segmentio/kafka-go.(*reader).run.func6() reader.go:1375 no messages received from kafka within the allocated time for partition 0 of emails at offset 153: [7] Request Timed Out: the request exceeded the user-specified time limit in the request 
[36mINFO[0m[2023-10-17T16:16:23Z]github.com/segmentio/kafka-go.(*reader).run.func6() reader.go:1375 no messages received from kafka within the allocated time for partition 0 of emails at offset 153: [7] Request Timed Out: the request exceeded the user-specified time limit in the request 
[36mINFO[0m[2023-10-17T16:17:22Z]github.com/segmentio/kafka-go.(*reader).run.func6() reader.go:1375 no messages received from kafka within the allocated time for partition 0 of emails at offset 153: [7] Request Timed Out: the request exceeded the user-specified time limit in the request 
[36mINFO[0m[2023-10-17T16:18:21Z]github.com/segmentio/kafka-go.(*reader).run.func6() reader.go:1375 no messages received from kafka within the allocated time for partition 0 of emails at offset 153: [7] Request Timed Out: the request exceeded the user-specified time limit in the request 
[36mINFO[0m[2023-10-17T16:19:20Z]github.com/segmentio/kafka-go.(*reader).run.func6() reader.go:1375 no messages received from kafka within the allocated time for partition 0 of emails at offset 153: [7] Request Timed Out: the request exceeded the user-specified time limit in the request 
[36mINFO[0m[2023-10-17T16:20:19Z]github.com/segmentio/kafka-go.(*reader).run.func6() reader.go:1375 no messages received from kafka within the allocated time for partition 0 of emails at offset 153: [7] Request Timed Out: the request exceeded the user-specified time limit in the request 
[36mINFO[0m[2023-10-17T16:21:18Z]github.com/segmentio/kafka-go.(*reader).run.func6() reader.go:1375 no messages received from kafka within the allocated time for partition 0 of emails at offset 153: [7] Request Timed Out: the request exceeded the user-specified time limit in the request 
[36mINFO[0m[2023-10-17T16:22:17Z]github.com/segmentio/kafka-go.(*reader).run.func6() reader.go:1375 no messages received from kafka within the allocated time for partition 0 of emails at offset 153: [7] Request Timed Out: the request exceeded the user-specified time limit in the request 
[36mINFO[0m[2023-10-17T16:23:16Z]github.com/segmentio/kafka-go.(*reader).run.func6() reader.go:1375 no messages received from kafka within the allocated time for partition 0 of emails at offset 153: [7] Request Timed Out: the request exceeded the user-specified time limit in the request 
[36mINFO[0m[2023-10-17T16:24:15Z]github.com/segmentio/kafka-go.(*reader).run.func6() reader.go:1375 no messages received from kafka within the allocated time for partition 0 of emails at offset 153: [7] Request Timed Out: the request exceeded the user-specified time limit in the request 
[36mINFO[0m[2023-10-17T16:25:14Z]github.com/segmentio/kafka-go.(*reader).run.func6() reader.go:1375 no messages received from kafka within the allocated time for partition 0 of emails at offset 153: [7] Request Timed Out: the request exceeded the user-specified time limit in the request 
[36mINFO[0m[2023-10-17T16:26:13Z]github.com/segmentio/kafka-go.(*reader).run.func6() reader.go:1375 no messages received from kafka within the allocated time for partition 0 of emails at offset 153: [7] Request Timed Out: the request exceeded the user-specified time limit in the request 
[36mINFO[0m[2023-10-17T16:27:12Z]github.com/segmentio/kafka-go.(*reader).run.func6() reader.go:1375 no messages received from kafka within the allocated time for partition 0 of emails at offset 153: [7] Request Timed Out: the request exceeded the user-specified time limit in the request 
[36mINFO[0m[2023-10-17T16:28:11Z]github.com/segmentio/kafka-go.(*reader).run.func6() reader.go:1375 no messages received from kafka within the allocated time for partition 0 of emails at offset 153: [7] Request Timed Out: the request exceeded the user-specified time limit in the request 
[36mINFO[0m[2023-10-17T16:29:10Z]github.com/segmentio/kafka-go.(*reader).run.func6() reader.go:1375 no messages received from kafka within the allocated time for partition 0 of emails at offset 153: [7] Request Timed Out: the request exceeded the user-specified time limit in the request 
[36mINFO[0m[2023-10-17T16:30:09Z]github.com/segmentio/kafka-go.(*reader).run.func6() reader.go:1375 no messages received from kafka within the allocated time for partition 0 of emails at offset 153: [7] Request Timed Out: the request exceeded the user-specified time limit in the request 
[36mINFO[0m[2023-10-17T16:31:08Z]github.com/segmentio/kafka-go.(*reader).run.func6() reader.go:1375 no messages received from kafka within the allocated time for partition 0 of emails at offset 153: [7] Request Timed Out: the request exceeded the user-specified time limit in the request 
[36mINFO[0m[2023-10-17T16:32:07Z]github.com/segmentio/kafka-go.(*reader).run.func6() reader.go:1375 no messages received from kafka within the allocated time for partition 0 of emails at offset 153: [7] Request Timed Out: the request exceeded the user-specified time limit in the request 
[36mINFO[0m[2023-10-17T16:33:06Z]github.com/segmentio/kafka-go.(*reader).run.func6() reader.go:1375 no messages received from kafka within the allocated time for partition 0 of emails at offset 153: [7] Request Timed Out: the request exceeded the user-specified time limit in the request 
[36mINFO[0m[2023-10-17T16:34:05Z]github.com/segmentio/kafka-go.(*reader).run.func6() reader.go:1375 no messages received from kafka within the allocated time for partition 0 of emails at offset 153: [7] Request Timed Out: the request exceeded the user-specified time limit in the request 
[36mINFO[0m[2023-10-17T16:35:04Z]github.com/segmentio/kafka-go.(*reader).run.func6() reader.go:1375 no messages received from kafka within the allocated time for partition 0 of emails at offset 153: [7] Request Timed Out: the request exceeded the user-specified time limit in the request 
[36mINFO[0m[2023-10-17T16:36:03Z]github.com/segmentio/kafka-go.(*reader).run.func6() reader.go:1375 no messages received from kafka within the allocated time for partition 0 of emails at offset 153: [7] Request Timed Out: the request exceeded the user-specified time limit in the request 
[36mINFO[0m[2023-10-17T16:37:02Z]github.com/segmentio/kafka-go.(*reader).run.func6() reader.go:1375 no messages received from kafka within the allocated time for partition 0 of emails at offset 153: [7] Request Timed Out: the request exceeded the user-specified time limit in the request 
[36mINFO[0m[2023-10-17T16:38:01Z]github.com/segmentio/kafka-go.(*reader).run.func6() reader.go:1375 no messages received from kafka within the allocated time for partition 0 of emails at offset 153: [7] Request Timed Out: the request exceeded the user-specified time limit in the request 
[36mINFO[0m[2023-10-17T16:39:00Z]github.com/segmentio/kafka-go.(*reader).run.func6() reader.go:1375 no messages received from kafka within the allocated time for partition 0 of emails at offset 153: [7] Request Timed Out: the request exceeded the user-specified time limit in the request 
[36mINFO[0m[2023-10-17T16:39:59Z]github.com/segmentio/kafka-go.(*reader).run.func6() reader.go:1375 no messages received from kafka within the allocated time for partition 0 of emails at offset 153: [7] Request Timed Out: the request exceeded the user-specified time limit in the request 
[36mINFO[0m[2023-10-17T16:40:58Z]github.com/segmentio/kafka-go.(*reader).run.func6() reader.go:1375 no messages received from kafka within the allocated time for partition 0 of emails at offset 153: [7] Request Timed Out: the request exceeded the user-specified time limit in the request 
[36mINFO[0m[2023-10-17T16:41:57Z]github.com/segmentio/kafka-go.(*reader).run.func6() reader.go:1375 no messages received from kafka within the allocated time for partition 0 of emails at offset 153: [7] Request Timed Out: the request exceeded the user-specified time limit in the request 
[36mINFO[0m[2023-10-17T16:42:56Z]github.com/segmentio/kafka-go.(*reader).run.func6() reader.go:1375 no messages received from kafka within the allocated time for partition 0 of emails at offset 153: [7] Request Timed Out: the request exceeded the user-specified time limit in the request 
[36mINFO[0m[2023-10-17T16:43:55Z]github.com/segmentio/kafka-go.(*reader).run.func6() reader.go:1375 no messages received from kafka within the allocated time for partition 0 of emails at offset 153: [7] Request Timed Out: the request exceeded the user-specified time limit in the request 
[36mINFO[0m[2023-10-17T16:44:54Z]github.com/segmentio/kafka-go.(*reader).run.func6() reader.go:1375 no messages received from kafka within the allocated time for partition 0 of emails at offset 153: [7] Request Timed Out: the request exceeded the user-specified time limit in the request 
[36mINFO[0m[2023-10-17T16:45:53Z]github.com/segmentio/kafka-go.(*reader).run.func6() reader.go:1375 no messages received from kafka within the allocated time for partition 0 of emails at offset 153: [7] Request Timed Out: the request exceeded the user-specified time limit in the request 
[36mINFO[0m[2023-10-17T16:46:52Z]github.com/segmentio/kafka-go.(*reader).run.func6() reader.go:1375 no messages received from kafka within the allocated time for partition 0 of emails at offset 153: [7] Request Timed Out: the request exceeded the user-specified time limit in the request 
[36mINFO[0m[2023-10-17T16:47:51Z]github.com/segmentio/kafka-go.(*reader).run.func6() reader.go:1375 no messages received from kafka within the allocated time for partition 0 of emails at offset 153: [7] Request Timed Out: the request exceeded the user-specified time limit in the request 
[36mINFO[0m[2023-10-17T16:48:50Z]github.com/segmentio/kafka-go.(*reader).run.func6() reader.go:1375 no messages received from kafka within the allocated time for partition 0 of emails at offset 153: [7] Request Timed Out: the request exceeded the user-specified time limit in the request 
[36mINFO[0m[2023-10-17T16:49:49Z]github.com/segmentio/kafka-go.(*reader).run.func6() reader.go:1375 no messages received from kafka within the allocated time for partition 0 of emails at offset 153: [7] Request Timed Out: the request exceeded the user-specified time limit in the request 
[36mINFO[0m[2023-10-17T16:50:48Z]github.com/segmentio/kafka-go.(*reader).run.func6() reader.go:1375 no messages received from kafka within the allocated time for partition 0 of emails at offset 153: [7] Request Timed Out: the request exceeded the user-specified time limit in the request 
[36mINFO[0m[2023-10-17T16:51:47Z]github.com/segmentio/kafka-go.(*reader).run.func6() reader.go:1375 no messages received from kafka within the allocated time for partition 0 of emails at offset 153: [7] Request Timed Out: the request exceeded the user-specified time limit in the request 
[36mINFO[0m[2023-10-17T16:52:46Z]github.com/segmentio/kafka-go.(*reader).run.func6() reader.go:1375 no messages received from kafka within the allocated time for partition 0 of emails at offset 153: [7] Request Timed Out: the request exceeded the user-specified time limit in the request 
[36mINFO[0m[2023-10-17T16:53:45Z]github.com/segmentio/kafka-go.(*reader).run.func6() reader.go:1375 no messages received from kafka within the allocated time for partition 0 of emails at offset 153: [7] Request Timed Out: the request exceeded the user-specified time limit in the request 
[36mINFO[0m[2023-10-17T16:54:44Z]github.com/segmentio/kafka-go.(*reader).run.func6() reader.go:1375 no messages received from kafka within the allocated time for partition 0 of emails at offset 153: [7] Request Timed Out: the request exceeded the user-specified time limit in the request 
[36mINFO[0m[2023-10-17T16:55:43Z]github.com/segmentio/kafka-go.(*reader).run.func6() reader.go:1375 no messages received from kafka within the allocated time for partition 0 of emails at offset 153: [7] Request Timed Out: the request exceeded the user-specified time limit in the request 
[36mINFO[0m[2023-10-17T16:56:42Z]github.com/segmentio/kafka-go.(*reader).run.func6() reader.go:1375 no messages received from kafka within the allocated time for partition 0 of emails at offset 153: [7] Request Timed Out: the request exceeded the user-specified time limit in the request 
[36mINFO[0m[2023-10-17T16:57:41Z]github.com/segmentio/kafka-go.(*reader).run.func6() reader.go:1375 no messages received from kafka within the allocated time for partition 0 of emails at offset 153: [7] Request Timed Out: the request exceeded the user-specified time limit in the request 
[36mINFO[0m[2023-10-17T16:58:40Z]github.com/segmentio/kafka-go.(*reader).run.func6() reader.go:1375 no messages received from kafka within the allocated time for partition 0 of emails at offset 153: [7] Request Timed Out: the request exceeded the user-specified time limit in the request 
[36mINFO[0m[2023-10-17T16:59:39Z]github.com/segmentio/kafka-go.(*reader).run.func6() reader.go:1375 no messages received from kafka within the allocated time for partition 0 of emails at offset 153: [7] Request Timed Out: the request exceeded the user-specified time limit in the request 
